<?xml version="1.0" encoding="UTF-8"?>
<testsuite name="com.bridgelabz.junit.MoodAnalyserTest" tests="1" skipped="0" failures="0" errors="0" timestamp="2020-04-03T08:10:13" hostname="ubuntu" time="0.002">
  <properties/>
  <testcase name="givenMoodAnalyserClass_ShouldReturnObject" classname="com.bridgelabz.junit.MoodAnalyserTest" time="0.002"/>
  <system-out><![CDATA[]]></system-out>
  <system-err><![CDATA[]]></system-err>
</testsuite>
