<?xml version="1.0" encoding="UTF-8"?>
<testsuite name="com.bridgelabz.junit.MoodAnalyserTest" tests="11" skipped="0" failures="0" errors="0" timestamp="2020-04-08T06:05:11" hostname="ubuntu" time="0.027">
  <properties/>
  <testcase name="moodAnalyzerObject_WhenProper_ShouldReturnObject" classname="com.bridgelabz.junit.MoodAnalyserTest" time="0.005"/>
  <testcase name="givenMessage_WhenNull_ShouldReturnMoodAnalyseException" classname="com.bridgelabz.junit.MoodAnalyserTest" time="0.011"/>
  <testcase name="givenSadMessage_UsingReflection_ShouldReturnSad" classname="com.bridgelabz.junit.MoodAnalyserTest" time="0.001"/>
  <testcase name="happyMoodTest" classname="com.bridgelabz.junit.MoodAnalyserTest" time="0.001"/>
  <testcase name="moodTest" classname="com.bridgelabz.junit.MoodAnalyserTest" time="0.0"/>
  <testcase name="givenMoodAnalyser_OnChangeMood_ShouldReturnHappy" classname="com.bridgelabz.junit.MoodAnalyserTest" time="0.001"/>
  <testcase name="givenHappyMessage_WithDefaultConstructor_ShouldReturnHappy" classname="com.bridgelabz.junit.MoodAnalyserTest" time="0.0"/>
  <testcase name="givenMoodAnalyserObject_WhenProper_ShouldReturnSad" classname="com.bridgelabz.junit.MoodAnalyserTest" time="0.0"/>
  <testcase name="moodAnalyzerObject_whenProper_ShouldReturnSad" classname="com.bridgelabz.junit.MoodAnalyserTest" time="0.0"/>
  <testcase name="givenMoodAnalyser_WithType_ShouldReturnHappy" classname="com.bridgelabz.junit.MoodAnalyserTest" time="0.0"/>
  <testcase name="givenMessage_WhenEmptyString_ShouldReturnMoodAnalyseException" classname="com.bridgelabz.junit.MoodAnalyserTest" time="0.0"/>
  <system-out><![CDATA[]]></system-out>
  <system-err><![CDATA[]]></system-err>
</testsuite>
