<?xml version="1.0" encoding="UTF-8"?>
<testsuite name="com.bridgelabz.junit.MoodAnalyserTest" tests="1" skipped="0" failures="0" errors="0" timestamp="2020-04-03T03:03:53" hostname="ubuntu" time="0.003">
  <properties/>
  <testcase name="givenMessage_WhenEmptyString_ShouldReturnMoodAnalyseException" classname="com.bridgelabz.junit.MoodAnalyserTest" time="0.003"/>
  <system-out><![CDATA[]]></system-out>
  <system-err><![CDATA[]]></system-err>
</testsuite>
